[debug] [2017-08-18T00:43:15.191Z] ----------------------------------------------------------------------
[debug] [2017-08-18T00:43:15.193Z] Command:       /Users/palebluedot/.nvm/versions/node/v8.2.1/bin/node /Users/palebluedot/.nvm/versions/node/v8.2.1/bin/firebase deploy
[debug] [2017-08-18T00:43:15.193Z] CLI Version:   3.9.2
[debug] [2017-08-18T00:43:15.193Z] Platform:      darwin
[debug] [2017-08-18T00:43:15.193Z] Node Version:  v8.2.1
[debug] [2017-08-18T00:43:15.194Z] Time:          Thu Aug 17 2017 21:43:15 GMT-0300 (-03)
[debug] [2017-08-18T00:43:15.194Z] ----------------------------------------------------------------------
[debug] 
[debug] [2017-08-18T00:43:15.211Z] > command requires scopes: ["email","openid","https://www.googleapis.com/auth/cloudplatformprojects.readonly","https://www.googleapis.com/auth/firebase","https://www.googleapis.com/auth/cloud-platform"]
[debug] [2017-08-18T00:43:15.211Z] > authorizing via signed-in user
[debug] [2017-08-18T00:43:15.216Z] > refreshing access token with scopes: ["email","https://www.googleapis.com/auth/cloud-platform","https://www.googleapis.com/auth/cloudplatformprojects.readonly","https://www.googleapis.com/auth/firebase","openid"]
[debug] [2017-08-18T00:43:15.216Z] >>> HTTP REQUEST POST https://www.googleapis.com/oauth2/v3/token { refresh_token: '1/K7EQgbBOo9hfx5nNkpnd0BC_G9Bok4apM0n-pJpUfrhJGui6r8v_WQSUF4OIHIxl',
  client_id: '563584335869-fgrhgmd47bqnekij5i8b5pr03ho849e6.apps.googleusercontent.com',
  client_secret: 'j9iVZfS8kkCEFUPaAeJV0sAi',
  grant_type: 'refresh_token',
  scope: 'email https://www.googleapis.com/auth/cloud-platform https://www.googleapis.com/auth/cloudplatformprojects.readonly https://www.googleapis.com/auth/firebase openid' } 
 Thu Aug 17 2017 21:43:15 GMT-0300 (-03)
[debug] [2017-08-18T00:43:16.674Z] <<< HTTP RESPONSE 200
[debug] [2017-08-18T00:43:16.693Z] >>> HTTP REQUEST GET https://admin.firebase.com/v1/projects/tokenless-32142  
 Thu Aug 17 2017 21:43:16 GMT-0300 (-03)
[debug] [2017-08-18T00:43:19.127Z] <<< HTTP RESPONSE 200
[debug] [2017-08-18T00:43:19.128Z] >>> HTTP REQUEST GET https://admin.firebase.com/v1/database/tokenless-32142/tokens  
 Thu Aug 17 2017 21:43:19 GMT-0300 (-03)
[debug] [2017-08-18T00:43:20.746Z] <<< HTTP RESPONSE 200
[info] 
[info] === Deploying to 'tokenless-32142'...
[info] 
[info] i  deploying hosting
[info] i  hosting: preparing build_webpack directory for upload...
[debug] [2017-08-18T00:43:25.355Z] >>> HTTP REQUEST PUT https://deploy.firebase.com/v1/hosting/tokenless-32142/uploads/-Krmmqw01C50RAqMEBTY?fileCount=12&message=  
 Thu Aug 17 2017 21:43:25 GMT-0300 (-03)
